#
# There is insufficient memory for the Java Runtime Environment to continue.
# Native memory allocation (malloc) failed to allocate 1127456 bytes for Chunk::new
# Possible reasons:
#   The system is out of physical RAM or swap space
#   In 32 bit mode, the process size limit was hit
# Possible solutions:
#   Reduce memory load on the system
#   Increase physical memory or swap space
#   Check if swap backing store is full
#   Use 64 bit Java on a 64 bit OS
#   Decrease Java heap size (-Xmx/-Xms)
#   Decrease number of Java threads
#   Decrease Java thread stack sizes (-Xss)
#   Set larger code cache with -XX:ReservedCodeCacheSize=
# This output file may be truncated or incomplete.
#
#  Out of Memory Error (allocation.cpp:390), pid=8672, tid=0x00000000000025dc
#
# JRE version: Java(TM) SE Runtime Environment (8.0_102-b14) (build 1.8.0_102-b14)
# Java VM: Java HotSpot(TM) 64-Bit Server VM (25.102-b14 mixed mode windows-amd64 compressed oops)
# Failed to write core dump. Minidumps are not enabled by default on client versions of Windows
#

---------------  T H R E A D  ---------------

Current thread (0x000000001717d000):  JavaThread "C2 CompilerThread0" daemon [_thread_in_native, id=9692, stack(0x0000000018d80000,0x0000000018e80000)]

Stack: [0x0000000018d80000,0x0000000018e80000]
[error occurred during error reporting (printing stack bounds), id 0xc0000005]

Native frames: (J=compiled Java code, j=interpreted, Vv=VM code, C=native code)


Current CompileTask:
C2:1051036 14839   !   4       org.gradle.api.internal.AbstractClassGenerator::generateUnderLock (1055 bytes)


---------------  P R O C E S S  ---------------

Java Threads: ( => current thread )
  0x000000001bfdb000 JavaThread "Stdin handler" [_thread_blocked, id=2792, stack(0x000000001b240000,0x000000001b340000)]
  0x000000001bfde000 JavaThread "Cancel handler" [_thread_blocked, id=7788, stack(0x000000001b040000,0x000000001b140000)]
  0x000000001bfd9800 JavaThread "Handler for socket connection from /127.0.0.1:60208 to /127.0.0.1:52136" [_thread_in_native, id=8756, stack(0x000000001af40000,0x000000001b040000)]
  0x000000001bfdb800 JavaThread "Daemon worker Thread 4" [_thread_in_native, id=8724, stack(0x000000001b140000,0x000000001b240000)]
  0x000000001bfd8800 JavaThread "Daemon Thread 4" [_thread_blocked, id=8020, stack(0x000000001ae40000,0x000000001af40000)]
  0x000000001e3ef000 JavaThread "File lock request listener" [_thread_in_native, id=10072, stack(0x000000001f0c0000,0x000000001f1c0000)]
  0x0000000019ebc800 JavaThread "Incoming local TCP Connector on port 60208" [_thread_in_native, id=7776, stack(0x0000000019a80000,0x0000000019b80000)]
  0x0000000018803800 JavaThread "Service Thread" daemon [_thread_blocked, id=9204, stack(0x0000000019080000,0x0000000019180000)]
  0x0000000018799000 JavaThread "C1 CompilerThread2" daemon [_thread_blocked, id=8288, stack(0x0000000018f80000,0x0000000019080000)]
  0x0000000018793000 JavaThread "C2 CompilerThread1" daemon [_thread_blocked, id=7304, stack(0x0000000018e80000,0x0000000018f80000)]
=>0x000000001717d000 JavaThread "C2 CompilerThread0" daemon [_thread_in_native, id=9692, stack(0x0000000018d80000,0x0000000018e80000)]
  0x000000001717b800 JavaThread "Attach Listener" daemon [_thread_blocked, id=9932, stack(0x0000000018c80000,0x0000000018d80000)]
  0x0000000018788800 JavaThread "Signal Dispatcher" daemon [_thread_blocked, id=8472, stack(0x0000000018b80000,0x0000000018c80000)]
  0x000000001710a800 JavaThread "Finalizer" daemon [_thread_blocked, id=9600, stack(0x0000000018380000,0x0000000018480000)]
  0x00000000170e9000 JavaThread "Reference Handler" daemon [_thread_blocked, id=7280, stack(0x0000000018280000,0x0000000018380000)]
  0x0000000002402800 JavaThread "main" [_thread_blocked, id=9944, stack(0x0000000002290000,0x0000000002390000)]

Other Threads:
  0x00000000170e6800 VMThread [stack: 0x0000000018180000,0x0000000018280000] [id=8344]
  0x0000000018864800 WatcherThread [stack: 0x0000000019180000,0x0000000019280000] [id=8340]

VM state:not at safepoint (normal execution)

VM Mutex/Monitor currently owned by a thread: None

Heap:
 PSYoungGen      total 663040K, used 276904K [0x00000000d5580000, 0x0000000100000000, 0x0000000100000000)
  eden space 631296K, 43% used [0x00000000d5580000,0x00000000e63ea270,0x00000000fbe00000)
  from space 31744K, 0% used [0x00000000fe100000,0x00000000fe100000,0x0000000100000000)
  to   space 33792K, 0% used [0x00000000fbe00000,0x00000000fbe00000,0x00000000fdf00000)
 ParOldGen       total 108032K, used 57975K [0x0000000080000000, 0x0000000086980000, 0x00000000d5580000)
  object space 108032K, 53% used [0x0000000080000000,0x000000008389dfc0,0x0000000086980000)
 Metaspace       used 59400K, capacity 63510K, committed 63744K, reserved 1103872K
  class space    used 7773K, capacity 8581K, committed 8704K, reserved 1048576K

Card table byte_map: [0x00000000118c0000,0x0000000011cd0000] byte_map_base: 0x00000000114c0000

Marking Bits: (ParMarkBitMap*) 0x0000000057cfa6c0
 Begin Bits: [0x0000000012380000, 0x0000000014380000)
 End Bits:   [0x0000000014380000, 0x0000000016380000)

Polling page: 0x0000000001ed0000

CodeCache: size=245760Kb used=44887Kb max_used=44900Kb free=200872Kb
 bounds [0x0000000002500000, 0x0000000005120000, 0x0000000011500000]
 total_blobs=12314 nmethods=11573 adapters=651
 compilation: enabled

Compilation events (10 events):
Event: 1050.106 Thread 0x0000000018799000 14854       3       org.codehaus.groovy.runtime.callsite.CallSiteArray::createCallCurrentSite (113 bytes)
Event: 1050.106 Thread 0x0000000018799000 nmethod 14854 0x0000000005113510 code [0x0000000005113760, 0x0000000005114738]
Event: 1050.108 Thread 0x0000000018799000 14855       3       org.gradle.internal.reflect.JavaReflectionUtil::findAllMethodsInternal (130 bytes)
Event: 1050.109 Thread 0x0000000018799000 nmethod 14855 0x0000000005114d90 code [0x00000000051150a0, 0x0000000005116878]
Event: 1050.109 Thread 0x0000000018799000 14856       3       org.gradle.api.internal.DefaultNamedDomainObjectCollection$ContainerElementsDynamicObject::hasProperty (17 bytes)
Event: 1050.109 Thread 0x0000000018799000 nmethod 14856 0x0000000005110650 code [0x00000000051107c0, 0x0000000005110a28]
Event: 1050.150 Thread 0x0000000018799000 14857       1       org.gradle.api.internal.BeanDynamicObject$MetaClassAdapter::isMayImplementMissingMethods (2 bytes)
Event: 1050.150 Thread 0x0000000018799000 nmethod 14857 0x0000000005113250 code [0x00000000051133a0, 0x00000000051134b0]
Event: 1050.685 Thread 0x0000000018793000 14858       4       java.util.Properties::load0 (250 bytes)
Event: 1050.691 Thread 0x0000000018793000 nmethod 14858 0x0000000005112610 code [0x00000000051127a0, 0x0000000005112d80]

GC Heap History (10 events):
Event: 803.554 GC heap before
{Heap before GC invocations=16 (full 5):
 PSYoungGen      total 482304K, used 9746K [0x00000000d5580000, 0x0000000100000000, 0x0000000100000000)
  eden space 453120K, 0% used [0x00000000d5580000,0x00000000d5580000,0x00000000f1000000)
  from space 29184K, 33% used [0x00000000f1000000,0x00000000f1984bd0,0x00000000f2c80000)
  to   space 28672K, 0% used [0x00000000fe400000,0x00000000fe400000,0x0000000100000000)
 ParOldGen       total 108032K, used 42668K [0x0000000080000000, 0x0000000086980000, 0x00000000d5580000)
  object space 108032K, 39% used [0x0000000080000000,0x00000000829ab290,0x0000000086980000)
 Metaspace       used 54807K, capacity 57362K, committed 57600K, reserved 1099776K
  class space    used 7281K, capacity 7879K, committed 7936K, reserved 1048576K
Event: 804.627 GC heap after
Heap after GC invocations=16 (full 5):
 PSYoungGen      total 482304K, used 0K [0x00000000d5580000, 0x0000000100000000, 0x0000000100000000)
  eden space 453120K, 0% used [0x00000000d5580000,0x00000000d5580000,0x00000000f1000000)
  from space 29184K, 0% used [0x00000000f1000000,0x00000000f1000000,0x00000000f2c80000)
  to   space 28672K, 0% used [0x00000000fe400000,0x00000000fe400000,0x0000000100000000)
 ParOldGen       total 108032K, used 51300K [0x0000000080000000, 0x0000000086980000, 0x00000000d5580000)
  object space 108032K, 47% used [0x0000000080000000,0x0000000083219228,0x0000000086980000)
 Metaspace       used 54755K, capacity 57186K, committed 57600K, reserved 1099776K
  class space    used 7266K, capacity 7863K, committed 7936K, reserved 1048576K
}
Event: 861.153 GC heap before
{Heap before GC invocations=17 (full 5):
 PSYoungGen      total 482304K, used 453120K [0x00000000d5580000, 0x0000000100000000, 0x0000000100000000)
  eden space 453120K, 100% used [0x00000000d5580000,0x00000000f1000000,0x00000000f1000000)
  from space 29184K, 0% used [0x00000000f1000000,0x00000000f1000000,0x00000000f2c80000)
  to   space 28672K, 0% used [0x00000000fe400000,0x00000000fe400000,0x0000000100000000)
 ParOldGen       total 108032K, used 51300K [0x0000000080000000, 0x0000000086980000, 0x00000000d5580000)
  object space 108032K, 47% used [0x0000000080000000,0x0000000083219228,0x0000000086980000)
 Metaspace       used 56829K, capacity 59708K, committed 59904K, reserved 1101824K
  class space    used 7525K, capacity 8188K, committed 8192K, reserved 1048576K
Event: 861.174 GC heap after
Heap after GC invocations=17 (full 5):
 PSYoungGen      total 667136K, used 22025K [0x00000000d5580000, 0x0000000100000000, 0x0000000100000000)
  eden space 638464K, 0% used [0x00000000d5580000,0x00000000d5580000,0x00000000fc500000)
  from space 28672K, 76% used [0x00000000fe400000,0x00000000ff9826a0,0x0000000100000000)
  to   space 30208K, 0% used [0x00000000fc500000,0x00000000fc500000,0x00000000fe280000)
 ParOldGen       total 108032K, used 51308K [0x0000000080000000, 0x0000000086980000, 0x00000000d5580000)
  object space 108032K, 47% used [0x0000000080000000,0x000000008321b228,0x0000000086980000)
 Metaspace       used 56829K, capacity 59708K, committed 59904K, reserved 1101824K
  class space    used 7525K, capacity 8188K, committed 8192K, reserved 1048576K
}
Event: 1000.853 GC heap before
{Heap before GC invocations=18 (full 5):
 PSYoungGen      total 667136K, used 660489K [0x00000000d5580000, 0x0000000100000000, 0x0000000100000000)
  eden space 638464K, 100% used [0x00000000d5580000,0x00000000fc500000,0x00000000fc500000)
  from space 28672K, 76% used [0x00000000fe400000,0x00000000ff9826a0,0x0000000100000000)
  to   space 30208K, 0% used [0x00000000fc500000,0x00000000fc500000,0x00000000fe280000)
 ParOldGen       total 108032K, used 51308K [0x0000000080000000, 0x0000000086980000, 0x00000000d5580000)
  object space 108032K, 47% used [0x0000000080000000,0x000000008321b228,0x0000000086980000)
 Metaspace       used 58274K, capacity 61746K, committed 61952K, reserved 1103872K
  class space    used 7639K, capacity 8371K, committed 8448K, reserved 1048576K
Event: 1000.882 GC heap after
Heap after GC invocations=18 (full 5):
 PSYoungGen      total 667136K, used 28407K [0x00000000d5580000, 0x0000000100000000, 0x0000000100000000)
  eden space 638464K, 0% used [0x00000000d5580000,0x00000000d5580000,0x00000000fc500000)
  from space 28672K, 99% used [0x00000000fc500000,0x00000000fe0bdf80,0x00000000fe100000)
  to   space 31744K, 0% used [0x00000000fe100000,0x00000000fe100000,0x0000000100000000)
 ParOldGen       total 108032K, used 53840K [0x0000000080000000, 0x0000000086980000, 0x00000000d5580000)
  object space 108032K, 49% used [0x0000000080000000,0x00000000834942f8,0x0000000086980000)
 Metaspace       used 58274K, capacity 61746K, committed 61952K, reserved 1103872K
  class space    used 7639K, capacity 8371K, committed 8448K, reserved 1048576K
}
Event: 1008.328 GC heap before
{Heap before GC invocations=19 (full 5):
 PSYoungGen      total 667136K, used 195388K [0x00000000d5580000, 0x0000000100000000, 0x0000000100000000)
  eden space 638464K, 26% used [0x00000000d5580000,0x00000000df8913a0,0x00000000fc500000)
  from space 28672K, 99% used [0x00000000fc500000,0x00000000fe0bdf80,0x00000000fe100000)
  to   space 31744K, 0% used [0x00000000fe100000,0x00000000fe100000,0x0000000100000000)
 ParOldGen       total 108032K, used 53840K [0x0000000080000000, 0x0000000086980000, 0x00000000d5580000)
  object space 108032K, 49% used [0x0000000080000000,0x00000000834942f8,0x0000000086980000)
 Metaspace       used 59029K, capacity 62952K, committed 63104K, reserved 1103872K
  class space    used 7751K, capacity 8556K, committed 8576K, reserved 1048576K
Event: 1008.336 GC heap after
Heap after GC invocations=19 (full 5):
 PSYoungGen      total 663040K, used 6673K [0x00000000d5580000, 0x0000000100000000, 0x0000000100000000)
  eden space 631296K, 0% used [0x00000000d5580000,0x00000000d5580000,0x00000000fbe00000)
  from space 31744K, 21% used [0x00000000fe100000,0x00000000fe7847c0,0x0000000100000000)
  to   space 33792K, 0% used [0x00000000fbe00000,0x00000000fbe00000,0x00000000fdf00000)
 ParOldGen       total 108032K, used 55833K [0x0000000080000000, 0x0000000086980000, 0x00000000d5580000)
  object space 108032K, 51% used [0x0000000080000000,0x0000000083686420,0x0000000086980000)
 Metaspace       used 59029K, capacity 62952K, committed 63104K, reserved 1103872K
  class space    used 7751K, capacity 8556K, committed 8576K, reserved 1048576K
}
Event: 1008.336 GC heap before
{Heap before GC invocations=20 (full 6):
 PSYoungGen      total 663040K, used 6673K [0x00000000d5580000, 0x0000000100000000, 0x0000000100000000)
  eden space 631296K, 0% used [0x00000000d5580000,0x00000000d5580000,0x00000000fbe00000)
  from space 31744K, 21% used [0x00000000fe100000,0x00000000fe7847c0,0x0000000100000000)
  to   space 33792K, 0% used [0x00000000fbe00000,0x00000000fbe00000,0x00000000fdf00000)
 ParOldGen       total 108032K, used 55833K [0x0000000080000000, 0x0000000086980000, 0x00000000d5580000)
  object space 108032K, 51% used [0x0000000080000000,0x0000000083686420,0x0000000086980000)
 Metaspace       used 59029K, capacity 62952K, committed 63104K, reserved 1103872K
  class space    used 7751K, capacity 8556K, committed 8576K, reserved 1048576K
Event: 1008.729 GC heap after
Heap after GC invocations=20 (full 6):
 PSYoungGen      total 663040K, used 0K [0x00000000d5580000, 0x0000000100000000, 0x0000000100000000)
  eden space 631296K, 0% used [0x00000000d5580000,0x00000000d5580000,0x00000000fbe00000)
  from space 31744K, 0% used [0x00000000fe100000,0x00000000fe100000,0x0000000100000000)
  to   space 33792K, 0% used [0x00000000fbe00000,0x00000000fbe00000,0x00000000fdf00000)
 ParOldGen       total 108032K, used 57975K [0x0000000080000000, 0x0000000086980000, 0x00000000d5580000)
  object space 108032K, 53% used [0x0000000080000000,0x000000008389dfc0,0x0000000086980000)
 Metaspace       used 58881K, capacity 62490K, committed 63104K, reserved 1103872K
  class space    used 7707K, capacity 8510K, committed 8576K, reserved 1048576K
}

Deoptimization events (10 events):
Event: 1000.927 Thread 0x000000001bfdb800 Uncommon trap: reason=unstable_if action=reinterpret pc=0x0000000003621468 method=org.codehaus.groovy.control.ResolveVisitor.resolveFromModule(Lorg/codehaus/groovy/ast/ClassNode;Z)Z @ 13
Event: 1001.568 Thread 0x000000001bfdb800 Uncommon trap: reason=array_check action=maybe_recompile pc=0x000000000334e148 method=java.util.ComparableTimSort.reverseRange([Ljava/lang/Object;II)V @ 27
Event: 1001.638 Thread 0x000000001bfdb800 Uncommon trap: reason=array_check action=maybe_recompile pc=0x000000000334e148 method=java.util.ComparableTimSort.reverseRange([Ljava/lang/Object;II)V @ 27
Event: 1007.808 Thread 0x000000001bfdb800 Uncommon trap: reason=unstable_if action=reinterpret pc=0x000000000393ac7c method=java.io.WinNTFileSystem.prefixLength(Ljava/lang/String;)I @ 11
Event: 1008.032 Thread 0x000000001bfdb800 Uncommon trap: reason=class_check action=maybe_recompile pc=0x0000000002d71e24 method=sun.misc.URLClassPath$1.next()Z @ 46
Event: 1021.744 Thread 0x000000001bfdb800 Uncommon trap: reason=null_check action=make_not_entrant pc=0x0000000002ffed2c method=java.lang.Class.isEnum()Z @ 1
Event: 1026.123 Thread 0x000000001bfde800 Uncommon trap: reason=unstable_if action=reinterpret pc=0x00000000031efccc method=java.math.MutableBigInteger.divideMagnitude(Ljava/math/MutableBigInteger;Ljava/math/MutableBigInteger;Z)Ljava/math/MutableBigInteger; @ 1099
Event: 1026.175 Thread 0x000000001bfe0000 Uncommon trap: reason=class_check action=maybe_recompile pc=0x00000000034fab6c method=java.lang.AbstractStringBuilder.append(Ljava/lang/CharSequence;)Ljava/lang/AbstractStringBuilder; @ 26
Event: 1026.175 Thread 0x000000001bfe0000 Uncommon trap: reason=class_check action=maybe_recompile pc=0x000000000377f8b8 method=java.lang.AbstractStringBuilder.append(Ljava/lang/CharSequence;II)Ljava/lang/AbstractStringBuilder; @ 18
Event: 1026.175 Thread 0x000000001bfe0000 Uncommon trap: reason=class_check action=maybe_recompile pc=0x000000000338882c method=java.lang.AbstractStringBuilder.append(Ljava/lang/CharSequence;II)Ljava/lang/AbstractStringBuilder; @ 116

Internal exceptions (10 events):
Event: 1047.258 Thread 0x000000001bfdb800 Exception <a 'java/lang/ClassNotFoundException': JetGradlePluginBeanInfo> (0x00000000e2365dd0) thrown at [C:\re\workspace\8-2-build-windows-amd64-cygwin\jdk8u102\7268\hotspot\src\share\vm\classfile\systemDictionary.cpp, line 210]
Event: 1047.258 Thread 0x000000001bfdb800 Exception <a 'java/lang/ClassNotFoundException': JetGradlePluginCustomizer> (0x00000000e236cd70) thrown at [C:\re\workspace\8-2-build-windows-amd64-cygwin\jdk8u102\7268\hotspot\src\share\vm\classfile\systemDictionary.cpp, line 210]
Event: 1047.261 Thread 0x000000001bfdb800 Exception <a 'java/lang/ClassNotFoundException': org/jetbrains/plugins/gradle/tooling/internal/ExtraModelBuilderBeanInfo> (0x00000000e23a5700) thrown at [C:\re\workspace\8-2-build-windows-amd64-cygwin\jdk8u102\7268\hotspot\src\share\vm\classfile\systemDictÅ“Nm]ê@
Event: 1047.261 Thread 0x000000001bfdb800 Exception <a 'java/lang/ClassNotFoundException': org/jetbrains/plugins/gradle/tooling/internal/ExtraModelBuilderCustomizer> (0x00000000e23b23a0) thrown at [C:\re\workspace\8-2-build-windows-amd64-cygwin\jdk8u102\7268\hotspot\src\share\vm\classfile\systemDi;¬ç@Phê@
Event: 1050.078 Thread 0x000000001bfdb800 Exception <a 'java/lang/ClassNotFoundException': build_850bwkl1ifajtexsrfw27om39BeanInfo> (0x00000000e5cc67c8) thrown at [C:\re\workspace\8-2-build-windows-amd64-cygwin\jdk8u102\7268\hotspot\src\share\vm\classfile\systemDictionary.cpp, line 210]
Event: 1050.079 Thread 0x000000001bfdb800 Exception <a 'java/lang/ClassNotFoundException': build_850bwkl1ifajtexsrfw27om39Customizer> (0x00000000e5cd2bf0) thrown at [C:\re\workspace\8-2-build-windows-amd64-cygwin\jdk8u102\7268\hotspot\src\share\vm\classfile\systemDictionary.cpp, line 210]
Event: 1050.101 Thread 0x000000001bfdb800 Exception <a 'java/lang/ClassNotFoundException': com/android/build/gradle/internal/dsl/DexOptions_DecoratedBeanInfo> (0x00000000e5f33000) thrown at [C:\re\workspace\8-2-build-windows-amd64-cygwin\jdk8u102\7268\hotspot\src\share\vm\classfile\systemDictionarad≈ghê@
Event: 1050.101 Thread 0x000000001bfdb800 Exception <a 'java/lang/ClassNotFoundException': com/android/build/gradle/internal/dsl/DexOptionsBeanInfo> (0x00000000e5f43540) thrown at [C:\re\workspace\8-2-build-windows-amd64-cygwin\jdk8u102\7268\hotspot\src\share\vm\classfile\systemDictionary.cpp, linÌÔ¸ˆghê@
Event: 1050.102 Thread 0x000000001bfdb800 Exception <a 'java/lang/ClassNotFoundException': com/android/build/gradle/internal/dsl/DexOptionsCustomizer> (0x00000000e5f53a88) thrown at [C:\re\workspace\8-2-build-windows-amd64-cygwin\jdk8u102\7268\hotspot\src\share\vm\classfile\systemDictionary.cpp, l/{ihê@
Event: 1050.103 Thread 0x000000001bfdb800 Exception <a 'java/lang/ClassNotFoundException': com/android/build/gradle/internal/dsl/DexOptions_DecoratedCustomizer> (0x00000000e5f73918) thrown at [C:\re\workspace\8-2-build-windows-amd64-cygwin\jdk8u102\7268\hotspot\src\share\vm\classfile\systemDiction

Events (10 events):
Event: 1050.106 loading class groovy/runtime/metaclass/build_850bwkl1ifajtexsrfw27om39$_run_closure1$_closure5MetaClass
Event: 1050.106 loading class groovy/runtime/metaclass/build_850bwkl1ifajtexsrfw27om39$_run_closure1$_closure5MetaClass done
Event: 1050.107 loading class build_850bwkl1ifajtexsrfw27om39$_run_closure1$_closure5$_closure6
Event: 1050.107 loading class build_850bwkl1ifajtexsrfw27om39$_run_closure1$_closure5$_closure6 done
Event: 1050.108 loading class groovy/runtime/metaclass/build_850bwkl1ifajtexsrfw27om39$_run_closure1$_closure5$_closure6MetaClass
Event: 1050.108 loading class groovy/runtime/metaclass/build_850bwkl1ifajtexsrfw27om39$_run_closure1$_closure5$_closure6MetaClass done
Event: 1050.149 loading class groovy/runtime/metaclass/build_850bwkl1ifajtexsrfw27om39$_run_closure2MetaClass
Event: 1050.149 loading class groovy/runtime/metaclass/build_850bwkl1ifajtexsrfw27om39$_run_closure2MetaClass done
Event: 1050.685 Thread 0x000000001bfdb800 DEOPT PACKING pc=0x0000000003333bfd sp=0x000000001b23cee0
Event: 1050.685 Thread 0x000000001bfdb800 DEOPT UNPACKING pc=0x000000000254787f sp=0x000000001b23cbe8 mode 0


Dynamic libraries:
0x00007ff7251f0000 - 0x00007ff725227000 	C:\Program Files\Java\jdk1.8.0_102\bin\java.exe
0x00007ffaaf170000 - 0x00007ffaaf319000 	C:\Windows\SYSTEM32\ntdll.dll
0x00007ffaae840000 - 0x00007ffaae979000 	C:\Windows\system32\KERNEL32.DLL
0x00007ffaac670000 - 0x00007ffaac77e000 	C:\Windows\system32\KERNELBASE.dll
0x00007ffaae6e0000 - 0x00007ffaae785000 	C:\Windows\system32\ADVAPI32.dll
0x00007ffaaead0000 - 0x00007ffaaec41000 	C:\Windows\system32\USER32.dll
0x00007ffaa9f80000 - 0x00007ffaaa1da000 	C:\Windows\WinSxS\amd64_microsoft.windows.common-controls_6595b64144ccf1df_6.0.9600.16384_none_62475f7becb72503\COMCTL32.dll
0x00007ffaaeee0000 - 0x00007ffaaef87000 	C:\Windows\system32\msvcrt.dll
0x00007ffaaca00000 - 0x00007ffaaca57000 	C:\Windows\SYSTEM32\sechost.dll
0x00007ffaacd30000 - 0x00007ffaace66000 	C:\Windows\system32\RPCRT4.dll
0x00007ffaad0d0000 - 0x00007ffaad215000 	C:\Windows\system32\GDI32.dll
0x00007ffaae790000 - 0x00007ffaae7c4000 	C:\Windows\system32\IMM32.DLL
0x00007ffaae990000 - 0x00007ffaaeac9000 	C:\Windows\system32\MSCTF.dll
0x0000000056f60000 - 0x0000000057031000 	C:\Program Files\Java\jdk1.8.0_102\jre\bin\msvcr100.dll
0x00000000574e0000 - 0x0000000057d7a000 	C:\Program Files\Java\jdk1.8.0_102\jre\bin\server\jvm.dll
0x00007ffaa4fd0000 - 0x00007ffaa4fd9000 	C:\Windows\SYSTEM32\WSOCK32.dll
0x00007ffa9abf0000 - 0x00007ffa9ac0f000 	C:\Windows\SYSTEM32\WINMM.dll
0x00007ffaa1d40000 - 0x00007ffaa1d4a000 	C:\Windows\SYSTEM32\VERSION.dll
0x00007ffaae980000 - 0x00007ffaae987000 	C:\Windows\system32\PSAPI.DLL
0x00007ffaad070000 - 0x00007ffaad0c8000 	C:\Windows\system32\WS2_32.dll
0x00007ffa9abc0000 - 0x00007ffa9abea000 	C:\Windows\SYSTEM32\WINMMBASE.dll
0x00007ffaaca60000 - 0x00007ffaaca69000 	C:\Windows\system32\NSI.dll
0x00007ffaac960000 - 0x00007ffaac9aa000 	C:\Windows\SYSTEM32\cfgmgr32.dll
0x00007ffaab3a0000 - 0x00007ffaab3c6000 	C:\Windows\SYSTEM32\DEVOBJ.dll
0x00000000573f0000 - 0x00000000573ff000 	C:\Program Files\Java\jdk1.8.0_102\jre\bin\verify.dll
0x00000000573c0000 - 0x00000000573e9000 	C:\Program Files\Java\jdk1.8.0_102\jre\bin\java.dll
0x00000000573a0000 - 0x00000000573b6000 	C:\Program Files\Java\jdk1.8.0_102\jre\bin\zip.dll
0x00007ffaad220000 - 0x00007ffaae62d000 	C:\Windows\system32\SHELL32.dll
0x00007ffaaec60000 - 0x00007ffaaee37000 	C:\Windows\SYSTEM32\combase.dll
0x00007ffaace70000 - 0x00007ffaacec1000 	C:\Windows\system32\SHLWAPI.dll
0x00007ffaaa570000 - 0x00007ffaaa611000 	C:\Windows\SYSTEM32\SHCORE.dll
0x00007ffaac4f0000 - 0x00007ffaac504000 	C:\Windows\SYSTEM32\profapi.dll
0x0000000057380000 - 0x000000005739a000 	C:\Program Files\Java\jdk1.8.0_102\jre\bin\net.dll
0x00007ffaabd50000 - 0x00007ffaabda8000 	C:\Windows\system32\mswsock.dll
0x0000000057360000 - 0x0000000057371000 	C:\Program Files\Java\jdk1.8.0_102\jre\bin\nio.dll
0x00007ffaa9130000 - 0x00007ffaa9142000 	C:\Users\Administrator\.gradle\native\19\windows-amd64\native-platform.dll
0x00007ffaa7690000 - 0x00007ffaa76b9000 	C:\Windows\SYSTEM32\IPHLPAPI.DLL
0x00007ffaa7660000 - 0x00007ffaa766a000 	C:\Windows\SYSTEM32\WINNSI.DLL
0x00007ffaa6e90000 - 0x00007ffaa6ea4000 	C:\Windows\SYSTEM32\dhcpcsvc6.DLL
0x00007ffaa6e70000 - 0x00007ffaa6e89000 	C:\Windows\SYSTEM32\dhcpcsvc.DLL
0x00007ffaabdb0000 - 0x00007ffaabdce000 	C:\Windows\SYSTEM32\CRYPTSP.dll
0x00007ffaab9f0000 - 0x00007ffaaba25000 	C:\Windows\system32\rsaenh.dll
0x00007ffaabfe0000 - 0x00007ffaac006000 	C:\Windows\SYSTEM32\bcrypt.dll
0x00007ffaabb00000 - 0x00007ffaabb1f000 	C:\Windows\SYSTEM32\USERENV.dll
0x00007ffaac300000 - 0x00007ffaac35e000 	C:\Windows\system32\bcryptprimitives.dll
0x00007ffaac360000 - 0x00007ffaac36a000 	C:\Windows\SYSTEM32\CRYPTBASE.dll
0x0000000057160000 - 0x000000005716d000 	C:\Program Files\Java\jdk1.8.0_102\jre\bin\management.dll

VM Arguments:
jvm_args: -XX:MaxPermSize=512m -XX:+HeapDumpOnOutOfMemoryError -Xmx2048m -Dfile.encoding=UTF-8 -Duser.country=CN -Duser.language=zh -Duser.variant 
java_command: org.gradle.launcher.daemon.bootstrap.GradleDaemon 2.8
java_class_path (initial): C:\Users\Administrator\.gradle\wrapper\dists\gradle-2.8-all\ah86jmo43de9lfa8xg9ux3c4h\gradle-2.8\lib\gradle-launcher-2.8.jar
Launcher Type: SUN_STANDARD

Environment Variables:
JAVA_HOME=C:\Program Files\Java\jdk1.8.0_102
CLASSPATH=.;C:\Program Files\Java\jdk1.8.0_102\lib;C:\Program Files\Java\jdk1.8.0_102\lib\tools.jar;C:\Users\Administrator\.gradle\wrapper\dists\gradle-2.12-all\8ywkdai6puj5z81fume4e7njw\gradle-2.12\bin
PATH=C:\ProgramData\Oracle\Java\javapath;C:\Program Files (x86)\Intel\iCLS Client\;C:\Program Files\Intel\iCLS Client\;C:\Windows\system32;C:\Windows;C:\Windows\System32\Wbem;C:\Windows\System32\WindowsPowerShell\v1.0\;C:\Program Files\Java\jdk1.8.0_102\bin;C:\Program Files\Java\jdk1.8.0_102\jre\bin;F:/sdk\tools;F:/sdk\platform-tools;C:\Program Files (x86)\Intel\Intel(R) Management Engine Components\DAL;C:\Program Files\Intel\Intel(R) Management Engine Components\DAL;C:\Program Files (x86)\Intel\Intel(R) Management Engine Components\IPT;C:\Program Files\Intel\Intel(R) Management Engine Components\IPT;C:\Program Files\TortoiseSVN\bin;F:\eclipse\sdk\platform-tools;C:\Program Files\nodejs\;C:\Program Files\Git\cmd;C:\Users\Administrator\AppData\Roaming\npm
USERNAME=Administrator
OS=Windows_NT
PROCESSOR_IDENTIFIER=Intel64 Family 6 Model 60 Stepping 3, GenuineIntel



---------------  S Y S T E M  ---------------

OS: Windows 8.1 , 64 bit Build 9600 (6.3.9600.16656)

CPU:total 4 (4 cores per cpu, 1 threads per core) family 6 model 60 stepping 3, cmov, cx8, fxsr, mmx, sse, sse2, sse3, ssse3, sse4.1, sse4.2, popcnt, avx, avx2, aes, clmul, erms, lzcnt, tsc, tscinvbit, bmi1, bmi2

Memory: 4k page, physical 16688180k(2519012k free), swap 16688180k(6072k free)

vm_info: Java HotSpot(TM) 64-Bit Server VM (25.102-b14) for windows-amd64 JRE (1.8.0_102-b14), built on Jun 22 2016 13:15:21 by "java_re" with MS VC++ 10.0 (VS2010)

time: Wed Aug 30 17:03:44 2017
elapsed time: 1050 seconds (0d 0h 17m 30s)

